<?xml version="1.0" encoding="UTF-8"?>
<!-- Generated by org.testng.reporters.JUnitXMLReporter -->
<testsuite hostname="topka-PC" name="Test" tests="3" failures="1" timestamp="25 Mar 2013 09:51:51 GMT" time="0.078" errors="0">
  <testcase name="f" time="0.02" classname="mytestNGtest.TestNGTest"/>
  <testcase name="f1" time="0.0040" classname="mytestNGtest.TestNGTest">
    <failure type="java.lang.AssertionError" message="Right expected [3] but found [6]">
      <![CDATA[java.lang.AssertionError: Right expected [3] but found [6]
	at mytestNGtest.TestNGTest.f1(TestNGTest.java:28)
... Removed 28 stack frames]]>
    </failure>
  </testcase> <!-- f1 -->
  <testcase name="f3" time="0.0020" classname="mytestNGtest.TestNGTest"/>
</testsuite> <!-- Test -->
